<?xml version="1.0" encoding="UTF-8"?>
<testsuite xmlns:xsi="http://www.w3.org/2001/XMLSchema-instance" xsi:noNamespaceSchemaLocation="https://maven.apache.org/surefire/maven-surefire-plugin/xsd/surefire-test-report.xsd" version="3.0.2" name="com.bankApp.BankAppApplicationTests" time="13.24" tests="1" errors="0" skipped="0" failures="0">
  <properties>
[...]
</properties>
  <testcase name="contextLoads" classname="com.bankApp.BankAppApplicationTests" time="0.843">
    <system-out><![CDATA[18:46:06.316 [main] INFO org.springframework.test.context.support.AnnotationConfigContextLoaderUtils -- Could not detect default configuration classes for test class [com.bankApp.BankAppApplicationTests]: BankAppApplicationTests does not declare any static, non-private, non-final, nested classes annotated with @Configuration.
18:46:06.565 [main] INFO org.springframework.boot.test.context.SpringBootTestContextBootstrapper -- Found @SpringBootConfiguration com.bankApp.BankAppApplication for test class com.bankApp.BankAppApplicationTests
18:46:07.017 [main] INFO org.springframework.boot.devtools.restart.RestartApplicationListener -- Restart disabled due to context in which it is running

  .   ____          _            __ _ _
 /\\ / ___'_ __ _ _(_)_ __  __ _ \ \ \ \
( ( )\___ | '_ | '_| | '_ \/ _` | \ \ \ \
 \\/  ___)| |_)| | | | | || (_| |  ) ) ) )
  '  |____| .__|_| |_|_| |_\__, | / / / /
 =========|_|==============|___/=/_/_/_/

 :: Spring Boot ::               (v3.5.10)

2026-02-14T18:46:07.587+05:30  INFO 19412 --- [bankApp] [           main] com.bankApp.BankAppApplicationTests      : Starting BankAppApplicationTests using Java 17.0.12 with PID 19412 (started by VE00YN363 in C:\Users\VE00YN363\Desktop\spring\bankApp5)
2026-02-14T18:46:07.590+05:30  INFO 19412 --- [bankApp] [           main] com.bankApp.BankAppApplicationTests      : No active profile set, falling back to 1 default profile: "default"
2026-02-14T18:46:09.453+05:30  INFO 19412 --- [bankApp] [           main] .s.d.r.c.RepositoryConfigurationDelegate : Bootstrapping Spring Data JPA repositories in DEFAULT mode.
2026-02-14T18:46:09.661+05:30  INFO 19412 --- [bankApp] [           main] .s.d.r.c.RepositoryConfigurationDelegate : Finished Spring Data repository scanning in 170 ms. Found 1 JPA repository interface.
2026-02-14T18:46:10.860+05:30  INFO 19412 --- [bankApp] [           main] o.hibernate.jpa.internal.util.LogHelper  : HHH000204: Processing PersistenceUnitInfo [name: default]
2026-02-14T18:46:10.987+05:30  INFO 19412 --- [bankApp] [           main] org.hibernate.Version                    : HHH000412: Hibernate ORM core version 6.6.41.Final
2026-02-14T18:46:11.069+05:30  INFO 19412 --- [bankApp] [           main] o.h.c.internal.RegionFactoryInitiator    : HHH000026: Second-level cache disabled
2026-02-14T18:46:11.747+05:30  INFO 19412 --- [bankApp] [           main] o.s.o.j.p.SpringPersistenceUnitInfo      : No LoadTimeWeaver setup: ignoring JPA class transformer
2026-02-14T18:46:11.804+05:30  INFO 19412 --- [bankApp] [           main] com.zaxxer.hikari.HikariDataSource       : HikariPool-1 - Starting...
2026-02-14T18:46:12.125+05:30  INFO 19412 --- [bankApp] [           main] com.zaxxer.hikari.pool.HikariPool        : HikariPool-1 - Added connection conn0: url=jdbc:h2:mem:testdb user=SA
2026-02-14T18:46:12.131+05:30  INFO 19412 --- [bankApp] [           main] com.zaxxer.hikari.HikariDataSource       : HikariPool-1 - Start completed.
2026-02-14T18:46:12.250+05:30  INFO 19412 --- [bankApp] [           main] org.hibernate.orm.connections.pooling    : HHH10001005: Database info:
	Database JDBC URL [Connecting through datasource 'HikariDataSource (HikariPool-1)']
	Database driver: undefined/unknown
	Database version: 2.3.232
	Autocommit mode: undefined/unknown
	Isolation level: undefined/unknown
	Minimum pool size: undefined/unknown
	Maximum pool size: undefined/unknown
Hibernate: create global temporary table HT_employee(id integer not null, primary key (id)) TRANSACTIONAL
Hibernate: create global temporary table HTE_employee(HTE_IDENTITY integer generated by default as identity, id integer, employee_type varchar(31) not null, email varchar(255), name varchar(255), password varchar(255), primary key (HTE_IDENTITY)) TRANSACTIONAL
Hibernate: create global temporary table HTE_manager(HTE_IDENTITY integer generated by default as identity, id integer, employee_type varchar(31) not null, email varchar(255), name varchar(255), password varchar(255), primary key (HTE_IDENTITY)) TRANSACTIONAL
Hibernate: create global temporary table HTE_clerk(HTE_IDENTITY integer generated by default as identity, id integer, manager_id_fk integer, employee_type varchar(31) not null, email varchar(255), name varchar(255), password varchar(255), primary key (HTE_IDENTITY)) TRANSACTIONAL
2026-02-14T18:46:13.894+05:30  INFO 19412 --- [bankApp] [           main] o.h.e.t.j.p.i.JtaPlatformInitiator       : HHH000489: No JTA platform available (set 'hibernate.transaction.jta.platform' to enable JTA platform integration)
Hibernate: create table accounts (id integer generated by default as identity, balance numeric(38,2), name varchar(255), manager_id_fk integer, primary key (id))
Hibernate: create table clerk (id integer not null, manager_id_fk integer not null, primary key (id))
Hibernate: create table employee (employee_type varchar(31) not null, id integer generated by default as identity, email varchar(255), name varchar(255), password varchar(255), primary key (id))
Hibernate: create table manager (id integer not null, primary key (id))
Hibernate: create table transactions (transaction_id integer generated by default as identity, amount numeric(38,2), date timestamp(6), status enum ('APPROVED','PENDING'), transaction_type enum ('DEPOSIT','TRANSFER_IN','TRANSFER_OUT','WITHDRAWAL'), account_id_fk integer not null, clerk_id_fk integer not null, primary key (transaction_id))
Hibernate: alter table if exists accounts add constraint FKn7xjs5blpnlu6vfk5642v55ig foreign key (manager_id_fk) references manager
Hibernate: alter table if exists clerk add constraint FKf8lpl995ut5ko767f949ccts7 foreign key (manager_id_fk) references manager
Hibernate: alter table if exists clerk add constraint FK5sk27id8rvdjjoa4hnspr6yvf foreign key (id) references employee
Hibernate: alter table if exists manager add constraint FKobm0udnqxv4jiddvi5oykkgdr foreign key (id) references employee
Hibernate: alter table if exists transactions add constraint FK2u5qob0pq8gruyu9d74ti0m1d foreign key (account_id_fk) references accounts
Hibernate: alter table if exists transactions add constraint FKe4b6hyas7ggllcp0t940ijg8i foreign key (clerk_id_fk) references clerk
2026-02-14T18:46:14.031+05:30  INFO 19412 --- [bankApp] [           main] j.LocalContainerEntityManagerFactoryBean : Initialized JPA EntityManagerFactory for persistence unit 'default'
2026-02-14T18:46:14.777+05:30  INFO 19412 --- [bankApp] [           main] o.s.d.j.r.query.QueryEnhancerFactory     : Hibernate is in classpath; If applicable, HQL parser will be used.
2026-02-14T18:46:16.060+05:30  WARN 19412 --- [bankApp] [           main] JpaBaseConfiguration$JpaWebConfiguration : spring.jpa.open-in-view is enabled by default. Therefore, database queries may be performed during view rendering. Explicitly configure spring.jpa.open-in-view to disable this warning
2026-02-14T18:46:16.199+05:30  INFO 19412 --- [bankApp] [           main] o.s.v.b.OptionalValidatorFactoryBean     : Failed to set up a Bean Validation provider: jakarta.validation.NoProviderFoundException: Unable to create a Configuration, because no Jakarta Bean Validation provider could be found. Add a provider like Hibernate Validator (RI) to your classpath.
2026-02-14T18:46:17.063+05:30  INFO 19412 --- [bankApp] [           main] o.s.b.a.h2.H2ConsoleAutoConfiguration    : H2 console available at '/h2-console'. Database available at 'jdbc:h2:mem:testdb'
2026-02-14T18:46:17.293+05:30  INFO 19412 --- [bankApp] [           main] r$InitializeUserDetailsManagerConfigurer : Global AuthenticationManager configured with UserDetailsService bean with name bankUserDetailsService
2026-02-14T18:46:17.558+05:30 DEBUG 19412 --- [bankApp] [           main] o.s.s.web.DefaultSecurityFilterChain     : Will secure any request with filters: DisableEncodeUrlFilter, WebAsyncManagerIntegrationFilter, SecurityContextHolderFilter, HeaderWriterFilter, CsrfFilter, LogoutFilter, UsernamePasswordAuthenticationFilter, DefaultResourcesFilter, DefaultLoginPageGeneratingFilter, DefaultLogoutPageGeneratingFilter, BasicAuthenticationFilter, RequestCacheAwareFilter, SecurityContextHolderAwareRequestFilter, AnonymousAuthenticationFilter, ExceptionTranslationFilter, AuthorizationFilter
2026-02-14T18:46:17.703+05:30  INFO 19412 --- [bankApp] [           main] com.bankApp.BankAppApplicationTests      : Started BankAppApplicationTests in 10.706 seconds (process running for 12.671)
DataInitializer running...
Hibernate: insert into employee (email,name,password,employee_type,id) values (?,?,?,'MANAGER',default)
Hibernate: insert into manager (id) values (?)
Admin user created.
Hibernate: insert into employee (email,name,password,employee_type,id) values (?,?,?,'MANAGER',default)
Hibernate: insert into manager (id) values (?)
Hibernate: select m1_0.id,m1_1.email,m1_1.name,m1_1.password from manager m1_0 join employee m1_1 on m1_0.id=m1_1.id where m1_0.id=?
Hibernate: insert into employee (email,name,password,employee_type,id) values (?,?,?,'CLERK',default)
Hibernate: insert into clerk (manager_id_fk,id) values (?,?)
Hibernate: select m1_0.id,m1_1.email,m1_1.name,m1_1.password from manager m1_0 join employee m1_1 on m1_0.id=m1_1.id where m1_0.id=?
Hibernate: insert into employee (email,name,password,employee_type,id) values (?,?,?,'CLERK',default)
Hibernate: insert into clerk (manager_id_fk,id) values (?,?)
Clerks created.
2 Managers and 2 Clerks created.
]]></system-out>
  </testcase>
</testsuite>